

Microchip MPLAB XC8 Assembler V2.46 build 20240104201356 
                                                                                                           Sun Jun 23 17:24:49 2024


     1                           	processor	16F877A
     2                           	pagewidth 132
     3                           	psect	code,global,class=CODE,delta=2
     4                           	psect	powerup,global,class=CODE,delta=2
     5                           	psect	reset_vec,global,class=CODE,delta=2
     6                           	psect	maintext,global,class=CODE,delta=2
     7                           	psect	eeprom_data,global,class=EEDATA,space=3,delta=2,noexec
     8                           	psect	intentry,global,class=CODE,delta=2
     9                           	psect	sivt,global,class=CODE,delta=2
    10                           	psect	functab,global,class=ENTRY,delta=2
    11                           	psect	init,global,class=CODE,delta=2
    12                           	psect	cinit,global,class=CODE,delta=2
    13                           	psect	text,global,class=CODE,delta=2
    14                           	psect	end_init,global,class=CODE,delta=2
    15                           	psect	clrtext,global,class=CODE,delta=2
    16                           	psect	strings,global,reloc=256,class=CODE,delta=2
    17                           	psect	stack,global,class=STACK,space=2,delta=1,noexec
    18                           	psect	heap,global,class=HEAP,space=7,delta=1,noexec
    19                           	psect	common,global,class=COMMON,space=1,delta=1
    20                           	psect	bank0,global,class=BANK0,space=1,delta=1
    21                           	psect	bank1,global,class=BANK1,space=1,delta=1
    22                           	psect	bank2,global,class=BANK2,space=1,delta=1
    23                           	psect	bank3,global,class=BANK3,space=1,delta=1
    24                           	psect	ram,global,class=RAM,space=1,delta=1
    25                           	psect	abs1,global,class=ABS1,space=1,delta=1
    26                           	psect	sfr0,global,class=SFR0,space=1,delta=1
    27                           	psect	sfr1,global,class=SFR1,space=1,delta=1
    28                           	psect	sfr2,global,class=SFR2,space=1,delta=1
    29                           	psect	sfr3,global,class=SFR3,space=1,delta=1
    30                           
    31                           	psect	reset_vec
    32     0000                     reset_vec:
    33                           
    34                           ; No powerup routine
    35                           ; jump to start
    36     0000  120A  118A  2810   	goto	(start& (0+2047))| (reset_vec& (0+-2048))
    37                           
    38                           	psect	maintext
    39                           
    40                           ; Microchip MPLAB XC8 C Compiler V2.46
    41                           ; Copyright (C) 2024 Microchip Technology Inc.
    42                           ; Auto-generated runtime startup code for final link stage.
    43                           ;
    44                           ; Compiler options:
    45                           ;
    46                           ; -q --opt=none --chip=16f877a \
    47                           ; -Mdist/default/production/Triangular_Waveform_Out_DAC_using_Timer.X.production.map \
    48                           ; -DXPRJ_default=default -L--defsym=__MPLAB_BUILD=1 \
    49                           ; --dfp=C:/Program Files/Microchip/MPLABX/v6.20/packs/Microchip/PIC16Fxxx_DFP/1.6.156/xc8 \
    50                           ; --double=32 --float=32 --opt=+asmfile --addrqual=ignore -P --warn=-3 \
    51                           ; --asmlist --summary=-psect,-class,+mem,-hex,-file --output=+inhx32 \
    52                           ; --runtime=+clear --runtime=+init --runtime=+keep --runtime=-osccal \
    53                           ; --runtime=-resetbits --runtime=-resetbits --runtime=-download \
    54                           ; --runtime=-stackcall --runtime=-config --std=c99 \
    55                           ; --output=+elf:multilocs --stack=compiled:auto:auto --summary=+xml \
    56                           ; --summarydir=dist/default/production/memoryfile.xml \
    57                           ; -oTriangular_Waveform_Out_DAC_using_Timer.X.production.elf \
    58                           ; --objdir=dist/default/production --outdir=dist/default/production \
    59                           ; build/default/production/main.p1 -L--fixupoverflow=error \
    60                           ; --callgraph=none --errformat=%f:%l:%c: error: (%n) %s \
    61                           ; --warnformat=%f:%l:%c: warning: (%n) %s \
    62                           ; --msgformat=%f:%l:%c: advisory: (%n) %s
    63                           ;
    64     0000                     C	set	0
    65     0002                     Z	set	2
    66     0002                     PCL	set	2
    67     0000                     INDF	set	0
    68     000A                     
    69                           	psect	functab
    70     0000                     intlevel0:
    71     0000                     intlevel1:
    72     0000                     intlevel2:
    73     0000                     intlevel3:
    74     0000                     intlevel4:
    75     0000                     intlevel5:
    76                           
    77                           	psect	init
    78     0010                     start:
    79                           
    80                           	psect	end_init
    81     0010  120A  118A  2813   	ljmp	start_initialization	;jump to C runtime clear & initialization
    82                           
    83                           	psect	clrtext
    84     0004                     FSR	set	4
    85                           
    86                           	psect	strings
    87     0000                     
    88                           	psect	stack
    89     0000                     ___sp:
    90     0000                     ___int_sp:
    91     0000                     ___stack_lo:
    92     0000                     ___stack_hi:
    93     0000                     ___int_stack_lo:
    94     0000                     ___int_stack_hi:
    95                           
    96                           	psect	heap
    97                           
    98                           ; No heap to be allocated


Microchip Technology PIC Macro Assembler V2.46 build 20240104201356 
Symbol Table                                                                                               Sun Jun 23 17:24:49 2024

               ___sp 0000                 _main 006F                 start 0010           ___stack_hi 0000  
         ___stack_lo 0000       ___int_stack_hi 0000       ___int_stack_lo 0000  start_initialization 0013  
          ___heap_hi 0000            ___heap_lo 0000            ___stackhi 0000            ___stacklo 0000  
           ___int_sp 0000             intlevel0 0000             intlevel1 0000             intlevel2 0000  
           intlevel3 0000             intlevel4 0000             intlevel5 0000             reset_vec 0000  
