

Microchip MPLAB XC8 Assembler V2.46 build 20240104201356 
                                                                                               Thu Apr 25 23:49:50 2024

Microchip MPLAB XC8 C Compiler v2.46 (Free license) build 20240104201356 Og1 
     1                           	processor	16F877A
     2                           	pagewidth 120
     3                           	opt	flic
     4                           	psect	cinit,global,class=CODE,merge=1,delta=2
     5                           	psect	cstackCOMMON,global,class=COMMON,space=1,delta=1,noexec
     6                           	psect	maintext,global,class=CODE,split=1,delta=2
     7                           	psect	text1,local,class=CODE,merge=1,delta=2
     8                           	psect	text2,local,class=CODE,merge=1,delta=2
     9                           	psect	config,global,abs,ovrld,class=CONFIG,space=4,delta=2,noexec
    10                           	dabs	1,0x7E,2
    11     0000                     
    12                           ; Generated 12/10/2023 GMT
    13                           ; 
    14                           ; Copyright © 2023, Microchip Technology Inc. and its subsidiaries ("Microchip")
    15                           ; All rights reserved.
    16                           ; 
    17                           ; This software is developed by Microchip Technology Inc. and its subsidiaries ("Microch
      +                          ip").
    18                           ; 
    19                           ; Redistribution and use in source and binary forms, with or without modification, are
    20                           ; permitted provided that the following conditions are met:
    21                           ; 
    22                           ;     1. Redistributions of source code must retain the above copyright notice, this lis
      +                          t of
    23                           ;        conditions and the following disclaimer.
    24                           ; 
    25                           ;     2. Redistributions in binary form must reproduce the above copyright notice, this 
      +                          list
    26                           ;        of conditions and the following disclaimer in the documentation and/or other
    27                           ;        materials provided with the distribution. Publication is not required when
    28                           ;        this file is used in an embedded application.
    29                           ; 
    30                           ;     3. Microchip's name may not be used to endorse or promote products derived from th
      +                          is
    31                           ;        software without specific prior written permission.
    32                           ; 
    33                           ; THIS SOFTWARE IS PROVIDED BY MICROCHIP "AS IS" AND ANY EXPRESS OR IMPLIED WARRANTIES,
    34                           ; INCLUDING, BUT NOT LIMITED TO, THE IMPLIED WARRANTIES OF MERCHANTABILITY AND FITNESS F
      +                          OR
    35                           ; PURPOSE ARE DISCLAIMED.  IN NO EVENT SHALL MICROCHIP BE LIABLE FOR ANY DIRECT, INDIREC
      +                          T,
    36                           ; INCIDENTAL, SPECIAL, EXEMPLARY, OR CONSEQUENTIAL DAMAGES (INCLUDING BUT NOT LIMITED TO
    37                           ; PROCUREMENT OF SUBSTITUTE GOODS OR SERVICES; LOSS OF USE, DATA OR PROFITS; OR BUSINESS
    38                           ; INTERRUPTION) HOWSOEVER CAUSED AND ON ANY THEORY OF LIABILITY, WHETHER IN CONTRACT, ST
      +                          RICT
    39                           ; LIABILITY, OR TORT (INCLUDING NEGLIGENCE OR OTHERWISE) ARISING IN ANY WAY OUT OF THE U
      +                          SE OF
    40                           ; THIS SOFTWARE, EVEN IF ADVISED OF THE POSSIBILITY OF SUCH DAMAGE.
    41                           ; 
    42                           ; 
    43                           ; Code-generator required, PIC16F877A Definitions
    44                           ; 
    45                           ; SFR Addresses
    46     0000                     	;# 
    47     0001                     	;# 
    48     0002                     	;# 
    49     0003                     	;# 
    50     0004                     	;# 
    51     0005                     	;# 
    52     0006                     	;# 
    53     0007                     	;# 
    54     0008                     	;# 
    55     0009                     	;# 
    56     000A                     	;# 
    57     000B                     	;# 
    58     000C                     	;# 
    59     000D                     	;# 
    60     000E                     	;# 
    61     000E                     	;# 
    62     000F                     	;# 
    63     0010                     	;# 
    64     0011                     	;# 
    65     0012                     	;# 
    66     0013                     	;# 
    67     0014                     	;# 
    68     0015                     	;# 
    69     0015                     	;# 
    70     0016                     	;# 
    71     0017                     	;# 
    72     0018                     	;# 
    73     0019                     	;# 
    74     001A                     	;# 
    75     001B                     	;# 
    76     001B                     	;# 
    77     001C                     	;# 
    78     001D                     	;# 
    79     001E                     	;# 
    80     001F                     	;# 
    81     0081                     	;# 
    82     0085                     	;# 
    83     0086                     	;# 
    84     0087                     	;# 
    85     0088                     	;# 
    86     0089                     	;# 
    87     008C                     	;# 
    88     008D                     	;# 
    89     008E                     	;# 
    90     0091                     	;# 
    91     0092                     	;# 
    92     0093                     	;# 
    93     0094                     	;# 
    94     0098                     	;# 
    95     0099                     	;# 
    96     009C                     	;# 
    97     009D                     	;# 
    98     009E                     	;# 
    99     009F                     	;# 
   100     010C                     	;# 
   101     010D                     	;# 
   102     010E                     	;# 
   103     010F                     	;# 
   104     018C                     	;# 
   105     018D                     	;# 
   106     0000                     	;# 
   107     0001                     	;# 
   108     0002                     	;# 
   109     0003                     	;# 
   110     0004                     	;# 
   111     0005                     	;# 
   112     0006                     	;# 
   113     0007                     	;# 
   114     0008                     	;# 
   115     0009                     	;# 
   116     000A                     	;# 
   117     000B                     	;# 
   118     000C                     	;# 
   119     000D                     	;# 
   120     000E                     	;# 
   121     000E                     	;# 
   122     000F                     	;# 
   123     0010                     	;# 
   124     0011                     	;# 
   125     0012                     	;# 
   126     0013                     	;# 
   127     0014                     	;# 
   128     0015                     	;# 
   129     0015                     	;# 
   130     0016                     	;# 
   131     0017                     	;# 
   132     0018                     	;# 
   133     0019                     	;# 
   134     001A                     	;# 
   135     001B                     	;# 
   136     001B                     	;# 
   137     001C                     	;# 
   138     001D                     	;# 
   139     001E                     	;# 
   140     001F                     	;# 
   141     0081                     	;# 
   142     0085                     	;# 
   143     0086                     	;# 
   144     0087                     	;# 
   145     0088                     	;# 
   146     0089                     	;# 
   147     008C                     	;# 
   148     008D                     	;# 
   149     008E                     	;# 
   150     0091                     	;# 
   151     0092                     	;# 
   152     0093                     	;# 
   153     0094                     	;# 
   154     0098                     	;# 
   155     0099                     	;# 
   156     009C                     	;# 
   157     009D                     	;# 
   158     009E                     	;# 
   159     009F                     	;# 
   160     010C                     	;# 
   161     010D                     	;# 
   162     010E                     	;# 
   163     010F                     	;# 
   164     018C                     	;# 
   165     018D                     	;# 
   166     000E                     _TMR1	set	14
   167     0006                     _PORTB	set	6
   168     0080                     _TMR1ON	set	128
   169     0082                     _T1SYNC	set	130
   170     0085                     _T1CKPS1	set	133
   171     0084                     _T1CKPS0	set	132
   172     0083                     _T1OSCEN	set	131
   173     0081                     _TMR1CS	set	129
   174     0086                     _TRISB	set	134
   175                           
   176                           	psect	cinit
   177     07FC                     start_initialization:	
   178                           ; #config settings
   179                           
   180     07FC                     __initialization:
   181     07FC                     end_of_initialization:	
   182                           ;End of C runtime variable initialization code
   183                           
   184     07FC                     __end_of__initialization:
   185     07FC  0183               	clrf	3
   186     07FD  120A  118A  2FEA   	ljmp	_main	;jump to C main() function
   187                           
   188                           	psect	cstackCOMMON
   189     0000                     __pcstackCOMMON:
   190     0000                     ?_Port_Init:
   191     0000                     ??_Port_Init:	
   192                           ; 1 bytes @ 0x0
   193                           
   194     0000                     ?_Timer1_init:	
   195                           ; 1 bytes @ 0x0
   196                           
   197     0000                     ??_Timer1_init:	
   198                           ; 1 bytes @ 0x0
   199                           
   200     0000                     ?_main:	
   201                           ; 1 bytes @ 0x0
   202                           
   203     0000                     ??_main:	
   204                           ; 1 bytes @ 0x0
   205                           
   206                           
   207                           	psect	maintext
   208     07EA                     __pmaintext:	
   209                           ; 1 bytes @ 0x0
   210 ;;
   211 ;;Main: autosize = 0, tempsize = 0, incstack = 0, save=0
   212 ;;
   213 ;; *************** function _main *****************
   214 ;; Defined at:
   215 ;;		line 36 in file "main.c"
   216 ;; Parameters:    Size  Location     Type
   217 ;;		None
   218 ;; Auto vars:     Size  Location     Type
   219 ;;		None
   220 ;; Return value:  Size  Location     Type
   221 ;;                  1    wreg      void 
   222 ;; Registers used:
   223 ;;		wreg, status,2, status,0, pclath, cstack
   224 ;; Tracked objects:
   225 ;;		On entry : B00/0
   226 ;;		On exit  : 0/0
   227 ;;		Unchanged: 0/0
   228 ;; Data sizes:     COMMON   BANK0   BANK1   BANK3   BANK2
   229 ;;      Params:         0       0       0       0       0
   230 ;;      Locals:         0       0       0       0       0
   231 ;;      Temps:          0       0       0       0       0
   232 ;;      Totals:         0       0       0       0       0
   233 ;;Total ram usage:        0 bytes
   234 ;; Hardware stack levels required when called: 1
   235 ;; This function calls:
   236 ;;		_Port_Init
   237 ;;		_Timer1_init
   238 ;; This function is called by:
   239 ;;		Startup code after reset
   240 ;; This function uses a non-reentrant model
   241 ;;
   242                           
   243     07EA                     _main:	
   244                           ;psect for function _main
   245                           
   246     07EA                     l592:	
   247                           ;incstack = 0
   248                           ; Regs used in _main: [wreg+status,2+status,0+pclath+cstack]
   249                           
   250                           
   251                           ;main.c: 37:     Port_Init();
   252     07EA  120A  118A  27D8  120A  118A  	fcall	_Port_Init
   253                           
   254                           ;main.c: 38:     Timer1_init();
   255     07EF  120A  118A  27DF  120A  118A  	fcall	_Timer1_init
   256     07F4                     l594:
   257                           
   258                           ;main.c: 40:         PORTB=TMR1;
   259     07F4  1283               	bcf	3,5	;RP0=0, select bank0
   260     07F5  1303               	bcf	3,6	;RP1=0, select bank0
   261     07F6  080E               	movf	14,w	;volatile
   262     07F7  0086               	movwf	6	;volatile
   263     07F8  2FF4               	goto	l594
   264     07F9  120A  118A  2800   	ljmp	start
   265     07FC                     __end_of_main:
   266                           
   267                           	psect	text1
   268     07DF                     __ptext1:	
   269 ;; *************** function _Timer1_init *****************
   270 ;; Defined at:
   271 ;;		line 24 in file "main.c"
   272 ;; Parameters:    Size  Location     Type
   273 ;;		None
   274 ;; Auto vars:     Size  Location     Type
   275 ;;		None
   276 ;; Return value:  Size  Location     Type
   277 ;;                  1    wreg      void 
   278 ;; Registers used:
   279 ;;		status,2
   280 ;; Tracked objects:
   281 ;;		On entry : 0/0
   282 ;;		On exit  : 0/0
   283 ;;		Unchanged: 0/0
   284 ;; Data sizes:     COMMON   BANK0   BANK1   BANK3   BANK2
   285 ;;      Params:         0       0       0       0       0
   286 ;;      Locals:         0       0       0       0       0
   287 ;;      Temps:          0       0       0       0       0
   288 ;;      Totals:         0       0       0       0       0
   289 ;;Total ram usage:        0 bytes
   290 ;; Hardware stack levels used: 1
   291 ;; This function calls:
   292 ;;		Nothing
   293 ;; This function is called by:
   294 ;;		_main
   295 ;; This function uses a non-reentrant model
   296 ;;
   297                           
   298     07DF                     _Timer1_init:	
   299                           ;psect for function _Timer1_init
   300                           
   301     07DF                     l578:	
   302                           ;incstack = 0
   303                           ; Regs used in _Timer1_init: [status,2]
   304                           
   305                           
   306                           ;main.c: 25: TMR1=0x00;
   307     07DF  1283               	bcf	3,5	;RP0=0, select bank0
   308     07E0  1303               	bcf	3,6	;RP1=0, select bank0
   309     07E1  018E               	clrf	14	;volatile
   310     07E2  018F               	clrf	15	;volatile
   311     07E3                     l580:
   312                           
   313                           ;main.c: 26: TMR1CS=1;
   314     07E3  1490               	bsf	16,1	;volatile
   315     07E4                     l582:
   316                           
   317                           ;main.c: 27: T1OSCEN=1;
   318     07E4  1590               	bsf	16,3	;volatile
   319     07E5                     l584:
   320                           
   321                           ;main.c: 29: T1CKPS0=0;
   322     07E5  1210               	bcf	16,4	;volatile
   323     07E6                     l586:
   324                           
   325                           ;main.c: 30: T1CKPS1=0;
   326     07E6  1290               	bcf	16,5	;volatile
   327     07E7                     l588:
   328                           
   329                           ;main.c: 31: T1SYNC=0;
   330     07E7  1110               	bcf	16,2	;volatile
   331     07E8                     l590:
   332                           
   333                           ;main.c: 32: TMR1ON=1;
   334     07E8  1410               	bsf	16,0	;volatile
   335     07E9                     l24:
   336     07E9  0008               	return
   337     07EA                     __end_of_Timer1_init:
   338                           
   339                           	psect	text2
   340     07D8                     __ptext2:	
   341 ;; *************** function _Port_Init *****************
   342 ;; Defined at:
   343 ;;		line 16 in file "main.c"
   344 ;; Parameters:    Size  Location     Type
   345 ;;		None
   346 ;; Auto vars:     Size  Location     Type
   347 ;;		None
   348 ;; Return value:  Size  Location     Type
   349 ;;                  1    wreg      void 
   350 ;; Registers used:
   351 ;;		status,2
   352 ;; Tracked objects:
   353 ;;		On entry : 0/0
   354 ;;		On exit  : 0/0
   355 ;;		Unchanged: 0/0
   356 ;; Data sizes:     COMMON   BANK0   BANK1   BANK3   BANK2
   357 ;;      Params:         0       0       0       0       0
   358 ;;      Locals:         0       0       0       0       0
   359 ;;      Temps:          0       0       0       0       0
   360 ;;      Totals:         0       0       0       0       0
   361 ;;Total ram usage:        0 bytes
   362 ;; Hardware stack levels used: 1
   363 ;; This function calls:
   364 ;;		Nothing
   365 ;; This function is called by:
   366 ;;		_main
   367 ;; This function uses a non-reentrant model
   368 ;;
   369                           
   370     07D8                     _Port_Init:	
   371                           ;psect for function _Port_Init
   372                           
   373     07D8                     l576:	
   374                           ;incstack = 0
   375                           ; Regs used in _Port_Init: [status,2]
   376                           
   377                           
   378                           ;main.c: 17:     TRISB&=~0xFF;
   379     07D8  1683               	bsf	3,5	;RP0=1, select bank1
   380     07D9  1303               	bcf	3,6	;RP1=0, select bank1
   381     07DA  0186               	clrf	6	;volatile
   382                           
   383                           ;main.c: 18:     PORTB&=~0xFF;
   384     07DB  1283               	bcf	3,5	;RP0=0, select bank0
   385     07DC  1303               	bcf	3,6	;RP1=0, select bank0
   386     07DD  0186               	clrf	6	;volatile
   387     07DE                     l21:
   388     07DE  0008               	return
   389     07DF                     __end_of_Port_Init:
   390     007E                     btemp	set	126	;btemp
   391     007E                     wtemp0	set	126
   392                           
   393                           	psect	config
   394                           
   395                           ;Config register CONFIG @ 0x2007
   396                           ;	Oscillator Selection bits
   397                           ;	FOSC = XT, XT oscillator
   398                           ;	Watchdog Timer Enable bit
   399                           ;	WDTE = OFF, WDT disabled
   400                           ;	Power-up Timer Enable bit
   401                           ;	PWRTE = ON, PWRT enabled
   402                           ;	Brown-out Reset Enable bit
   403                           ;	BOREN = ON, BOR enabled
   404                           ;	Low-Voltage (Single-Supply) In-Circuit Serial Programming Enable bit
   405                           ;	LVP = OFF, RB3 is digital I/O, HV on MCLR must be used for programming
   406                           ;	Data EEPROM Memory Code Protection bit
   407                           ;	CPD = OFF, Data EEPROM code protection off
   408                           ;	Flash Program Memory Write Enable bits
   409                           ;	WRT = OFF, Write protection off; all program memory may be written to by EECON control
   410                           ;	In-Circuit Debugger Mode bit
   411                           ;	DEBUG = 0x1, unprogrammed default
   412                           ;	Flash Program Memory Code Protection bit
   413                           ;	CP = OFF, Code protection off
   414     2007                     	org	8199
   415     2007  3F71               	dw	16241

Data Sizes:
    Strings     0
    Constant    0
    Data        0
    BSS         0
    Persistent  0
    Stack       0

Auto Spaces:
    Space          Size  Autos    Used
    COMMON           14      0       0
    BANK0            80      0       0
    BANK1            80      0       0
    BANK3            96      0       0
    BANK2            96      0       0

Pointer List with Targets:

    None.

Critical Paths under _main in COMMON

    None.

Critical Paths under _main in BANK0

    None.

Critical Paths under _main in BANK1

    None.

Critical Paths under _main in BANK3

    None.

Critical Paths under _main in BANK2

    None.

Call Graph Tables:

 ---------------------------------------------------------------------------------
 (Depth) Function   	        Calls       Base Space   Used Autos Params    Refs
 ---------------------------------------------------------------------------------
 (0) _main                                                 0     0      0       0
                          _Port_Init
                        _Timer1_init
 ---------------------------------------------------------------------------------
 (1) _Timer1_init                                          0     0      0       0
 ---------------------------------------------------------------------------------
 (1) _Port_Init                                            0     0      0       0
 ---------------------------------------------------------------------------------
 Estimated maximum stack depth 1
 ---------------------------------------------------------------------------------

 Call Graph Graphs:

 _main (ROOT)
   _Port_Init
   _Timer1_init

 Address spaces:
Name               Size   Autos  Total    Cost      Usage
BITCOMMON            E      0       0       0        0.0%
EEDATA             100      0       0       0        0.0%
NULL                 0      0       0       0        0.0%
CODE                 0      0       0       0        0.0%
COMMON               E      0       0       1        0.0%
BITSFR0              0      0       0       1        0.0%
SFR0                 0      0       0       1        0.0%
BITSFR1              0      0       0       2        0.0%
SFR1                 0      0       0       2        0.0%
STACK                0      0       0       2        0.0%
ABS                  0      0       0       3        0.0%
BITBANK0            50      0       0       4        0.0%
BITSFR3              0      0       0       4        0.0%
SFR3                 0      0       0       4        0.0%
BANK0               50      0       0       5        0.0%
BITSFR2              0      0       0       5        0.0%
SFR2                 0      0       0       5        0.0%
BITBANK1            50      0       0       6        0.0%
BANK1               50      0       0       7        0.0%
BITBANK3            60      0       0       8        0.0%
BANK3               60      0       0       9        0.0%
BITBANK2            60      0       0      10        0.0%
BANK2               60      0       0      11        0.0%
DATA                 0      0       0      12        0.0%


Microchip Technology PIC Macro Assembler V2.46 build 20240104201356 
Symbol Table                                                                                   Thu Apr 25 23:49:50 2024

                     l21 07DE                       l24 07E9                      l580 07E3  
                    l590 07E8                      l582 07E4                      l576 07D8  
                    l584 07E5                      l592 07EA                      l586 07E6  
                    l578 07DF                      l594 07F4                      l588 07E7  
                   _TMR1 000E                     _main 07EA                     btemp 007E  
                   start 0000                    ?_main 0000                    _PORTB 0006  
                  _TRISB 0086                    status 0003                    wtemp0 007E  
        __initialization 07FC             __end_of_main 07FC                   ??_main 0000  
                 _T1SYNC 0082                   _TMR1CS 0081                   _TMR1ON 0080  
          ??_Timer1_init 0000  __end_of__initialization 07FC           __pcstackCOMMON 0000  
    __end_of_Timer1_init 07EA        __end_of_Port_Init 07DF               __pmaintext 07EA  
                _T1CKPS0 0084                  _T1CKPS1 0085                  _T1OSCEN 0083  
            _Timer1_init 07DF                  __ptext1 07DF                  __ptext2 07D8  
   end_of_initialization 07FC      start_initialization 07FC                _Port_Init 07D8  
              ___latbits 0002             ?_Timer1_init 0000               ?_Port_Init 0000  
            ??_Port_Init 0000  
